<?xml version='1.0' encoding='UTF-8'?>
<testsuite hostname="marcela-pc" name="unidade.MetaTest" tests="4" errors="0" failures="1" time="12.16">
                <properties>
[...]
</properties>
                <testcase classname="unidade.MetaTest" name="deveOrdenarMetas" time="10.355"> <failure message="expected:&lt;'[concluir o lab]'&gt; but was:&lt;'[Partiu CSF o//]'&gt;" type="sbt.ForkMain$ForkError">sbt.ForkMain$ForkError: expected:&lt;'[concluir o lab]'&gt; but was:&lt;'[Partiu CSF o//]'&gt;
	at sun.reflect.NativeConstructorAccessorImpl.newInstance0(Native Method)
	at sun.reflect.NativeConstructorAccessorImpl.newInstance(NativeConstructorAccessorImpl.java:62)
	at sun.reflect.DelegatingConstructorAccessorImpl.newInstance(DelegatingConstructorAccessorImpl.java:45)
	at java.lang.reflect.Constructor.newInstance(Constructor.java:408)
	at org.fest.assertions.ConstructorInvoker.newInstance(ConstructorInvoker.java:36)
	at org.fest.assertions.ComparisonFailureFactory.newComparisonFailure(ComparisonFailureFactory.java:60)
	at org.fest.assertions.ComparisonFailureFactory.comparisonFailure(ComparisonFailureFactory.java:46)
	at org.fest.assertions.Fail.comparisonFailed(Fail.java:83)
	at org.fest.assertions.Fail.failIfNotEqual(Fail.java:71)
	at org.fest.assertions.GenericAssert.isEqualTo(GenericAssert.java:217)
	at unidade.MetaTest.deveOrdenarMetas(MetaTest.java:88)
	at sun.reflect.NativeMethodAccessorImpl.invoke0(Native Method)
	at sun.reflect.NativeMethodAccessorImpl.invoke(NativeMethodAccessorImpl.java:62)
	at sun.reflect.DelegatingMethodAccessorImpl.invoke(DelegatingMethodAccessorImpl.java:43)
	at java.lang.reflect.Method.invoke(Method.java:483)
	at org.junit.runners.model.FrameworkMethod$1.runReflectiveCall(FrameworkMethod.java:47)
	at org.junit.internal.runners.model.ReflectiveCallable.run(ReflectiveCallable.java:12)
	at org.junit.runners.model.FrameworkMethod.invokeExplosively(FrameworkMethod.java:44)
	at org.junit.internal.runners.statements.InvokeMethod.evaluate(InvokeMethod.java:17)
	at org.junit.internal.runners.statements.RunBefores.evaluate(RunBefores.java:26)
	at org.junit.internal.runners.statements.RunAfters.evaluate(RunAfters.java:27)
	at org.junit.runners.ParentRunner.runLeaf(ParentRunner.java:271)
	at org.junit.runners.BlockJUnit4ClassRunner.runChild(BlockJUnit4ClassRunner.java:70)
	at org.junit.runners.BlockJUnit4ClassRunner.runChild(BlockJUnit4ClassRunner.java:50)
	at org.junit.runners.ParentRunner$3.run(ParentRunner.java:238)
	at org.junit.runners.ParentRunner$1.schedule(ParentRunner.java:63)
	at org.junit.runners.ParentRunner.runChildren(ParentRunner.java:236)
	at org.junit.runners.ParentRunner.access$000(ParentRunner.java:53)
	at org.junit.runners.ParentRunner$2.evaluate(ParentRunner.java:229)
	at org.junit.runners.ParentRunner.run(ParentRunner.java:309)
	at org.junit.runners.Suite.runChild(Suite.java:127)
	at org.junit.runners.Suite.runChild(Suite.java:26)
	at org.junit.runners.ParentRunner$3.run(ParentRunner.java:238)
	at org.junit.runners.ParentRunner$1.schedule(ParentRunner.java:63)
	at org.junit.runners.ParentRunner.runChildren(ParentRunner.java:236)
	at org.junit.runners.ParentRunner.access$000(ParentRunner.java:53)
	at org.junit.runners.ParentRunner$2.evaluate(ParentRunner.java:229)
	at org.junit.runners.ParentRunner.run(ParentRunner.java:309)
	at org.junit.runner.JUnitCore.run(JUnitCore.java:160)
	at org.junit.runner.JUnitCore.run(JUnitCore.java:138)
	at com.novocode.junit.JUnitRunner$1.execute(JUnitRunner.java:125)
	at sbt.ForkMain$Run$2.call(ForkMain.java:294)
	at sbt.ForkMain$Run$2.call(ForkMain.java:284)
	at java.util.concurrent.FutureTask.run(FutureTask.java:266)
	at java.util.concurrent.ThreadPoolExecutor.runWorker(ThreadPoolExecutor.java:1142)
	at java.util.concurrent.ThreadPoolExecutor$Worker.run(ThreadPoolExecutor.java:617)
	at java.lang.Thread.run(Thread.java:745)
</failure>
                    </testcase><testcase classname="unidade.MetaTest" name="deveAlcancarMeta" time="1.07"> 
                    </testcase><testcase classname="unidade.MetaTest" name="deveAdicionarMeta" time="0.36"> 
                    </testcase><testcase classname="unidade.MetaTest" name="deveIniciarBDVazio" time="0.375"> 
                    </testcase>
                <system-out></system-out>
                <system-err></system-err>
                </testsuite>