<?xml version='1.0' encoding='UTF-8'?>
<testsuite hostname="marcela-pc" name="unidade.MetaTest" tests="4" errors="0" failures="0" time="10.078">
                <properties>
[...]
</properties>
                <testcase classname="unidade.MetaTest" name="deveOrdenarMetas" time="8.711"> 
                    </testcase><testcase classname="unidade.MetaTest" name="deveAlcancarMeta" time="0.562"> 
                    </testcase><testcase classname="unidade.MetaTest" name="deveAdicionarMeta" time="0.492"> 
                    </testcase><testcase classname="unidade.MetaTest" name="deveIniciarBDVazio" time="0.313"> 
                    </testcase>
                <system-out></system-out>
                <system-err></system-err>
                </testsuite>